C51 COMPILER V9.01   8DUAN                                                                 02/23/2020 11:12:01 PAGE 1   


C51 COMPILER V9.01, COMPILATION OF MODULE 8DUAN
OBJECT MODULE PLACED IN 8duan.OBJ
COMPILER INVOKED BY: C:\Keil\C51\BIN\C51.EXE 8duan.c BROWSE DEBUG OBJECTEXTEND

line level    source

   1          #include<reg52.h>
   2          
   3          sbit duan=P2^6;
   4          sbit wei=P2^7;
   5          
   6          void main()
   7          {
   8   1          wei = 1;
   9   1              P0=0xfe;
  10   1              wei = 0;
  11   1                      
  12   1              duan = 1;
  13   1              P0=0x4f;
  14   1              duan = 0;
  15   1          while(1);   
  16   1      }
  17          


MODULE INFORMATION:   STATIC OVERLAYABLE
   CODE SIZE        =     16    ----
   CONSTANT SIZE    =   ----    ----
   XDATA SIZE       =   ----    ----
   PDATA SIZE       =   ----    ----
   DATA SIZE        =   ----    ----
   IDATA SIZE       =   ----    ----
   BIT SIZE         =   ----    ----
END OF MODULE INFORMATION.


C51 COMPILATION COMPLETE.  0 WARNING(S),  0 ERROR(S)
