C51 COMPILER V9.01   AIYALIHAI                                                             02/21/2020 11:05:08 PAGE 1   


C51 COMPILER V9.01, COMPILATION OF MODULE AIYALIHAI
OBJECT MODULE PLACED IN aiyalihai.OBJ
COMPILER INVOKED BY: C:\Keil\C51\BIN\C51.EXE aiyalihai.c BROWSE DEBUG OBJECTEXTEND

line level    source

   1          #include<reg51.h>
   2          
   3          void delay_s()
   4          {
   5   1       int x,y;
   6   1       for(x=0;x<=50;x++)
   7   1       for(y=0;y<=200;y++);
   8   1      }
   9          
  10          void main()
  11          {
  12   1          while(1)
  13   1              {           
  14   2              P1=0xfe; /*1*/
  15   2                      delay_s();
  16   2                      P1=0xfd; /*2*/
  17   2                      delay_s();
  18   2                      P1=0xfb; /*3*/
  19   2                      delay_s();
  20   2                      P1=0xf7; /*4*/
  21   2                      delay_s();
  22   2                      P1=0xef; /*5*/
  23   2                      delay_s();
  24   2                      P1=0xdf; /*6*/
  25   2                      delay_s();
  26   2                      P1=0xbf;  /*7*/
  27   2                      delay_s();
  28   2                      P1=0x7f;  /*8*/
  29   2                      delay_s();
  30   2              }
  31   1      } 


MODULE INFORMATION:   STATIC OVERLAYABLE
   CODE SIZE        =     79    ----
   CONSTANT SIZE    =   ----    ----
   XDATA SIZE       =   ----    ----
   PDATA SIZE       =   ----    ----
   DATA SIZE        =   ----    ----
   IDATA SIZE       =   ----    ----
   BIT SIZE         =   ----    ----
END OF MODULE INFORMATION.


C51 COMPILATION COMPLETE.  0 WARNING(S),  0 ERROR(S)
