C51 COMPILER V9.01   KLED                                                                  02/20/2020 17:30:44 PAGE 1   


C51 COMPILER V9.01, COMPILATION OF MODULE KLED
OBJECT MODULE PLACED IN kled.OBJ
COMPILER INVOKED BY: C:\Keil\C51\BIN\C51.EXE kled.c BROWSE DEBUG OBJECTEXTEND

line level    source

   1          #include<reg51.h>
   2          
   3          sbit k1 = P3^4;
   4          sbit led_1 = P0^1;
   5          sbit led_2 = P0^2;
   6          sbit led_3 = P0^3;
   7          sbit led_4 = P0^4;
   8          sbit beep = P2^0;
   9          
  10          void main()
  11          {
  12   1          while(1)
  13   1          led_1 = 0;
  14   1              led_2 = 0;
  15   1              led_3 = 0;
  16   1              led_4 = 0;
  17   1              beep = 1;               
  18   1      } 


MODULE INFORMATION:   STATIC OVERLAYABLE
   CODE SIZE        =      4    ----
   CONSTANT SIZE    =   ----    ----
   XDATA SIZE       =   ----    ----
   PDATA SIZE       =   ----    ----
   DATA SIZE        =   ----    ----
   IDATA SIZE       =   ----    ----
   BIT SIZE         =   ----    ----
END OF MODULE INFORMATION.


C51 COMPILATION COMPLETE.  0 WARNING(S),  0 ERROR(S)
