C51 COMPILER V9.01   OOOOOO                                                                02/20/2020 17:39:49 PAGE 1   


C51 COMPILER V9.01, COMPILATION OF MODULE OOOOOO
OBJECT MODULE PLACED IN oooooo.OBJ
COMPILER INVOKED BY: C:\Keil\C51\BIN\C51.EXE oooooo.c BROWSE DEBUG OBJECTEXTEND

line level    source

   1          #include<reg51.h>
   2          
   3          sbit led_1 = P0^1;
   4          
   5          sbit beep = P2^0;
   6          
   7          void main()
   8          {
   9   1          while(1)
  10   1          led_1 = 0;
  11   1              beep = 1;               
  12   1      } 


MODULE INFORMATION:   STATIC OVERLAYABLE
   CODE SIZE        =      4    ----
   CONSTANT SIZE    =   ----    ----
   XDATA SIZE       =   ----    ----
   PDATA SIZE       =   ----    ----
   DATA SIZE        =   ----    ----
   IDATA SIZE       =   ----    ----
   BIT SIZE         =   ----    ----
END OF MODULE INFORMATION.


C51 COMPILATION COMPLETE.  0 WARNING(S),  0 ERROR(S)
