C51 COMPILER V9.01   JDQ                                                                   02/23/2020 14:39:34 PAGE 1   


C51 COMPILER V9.01, COMPILATION OF MODULE JDQ
OBJECT MODULE PLACED IN jdq.OBJ
COMPILER INVOKED BY: C:\Keil\C51\BIN\C51.EXE jdq.c BROWSE DEBUG OBJECTEXTEND

line level    source

   1          #include<reg52.h>
   2          
   3          sbit k1 = P3^4;
   4          sbit k2 = P3^5;
   5          sbit jd = P2^0;
   6          void main()
   7          {
   8   1          while(1){
   9   2          if (k1==0){
  10   3                  jd = 1;
  11   3                  }
  12   2              else if (k2==0){
  13   3                  jd = 0;
  14   3              }
  15   2              }
  16   1      }      


MODULE INFORMATION:   STATIC OVERLAYABLE
   CODE SIZE        =     14    ----
   CONSTANT SIZE    =   ----    ----
   XDATA SIZE       =   ----    ----
   PDATA SIZE       =   ----    ----
   DATA SIZE        =   ----    ----
   IDATA SIZE       =   ----    ----
   BIT SIZE         =   ----    ----
END OF MODULE INFORMATION.


C51 COMPILATION COMPLETE.  0 WARNING(S),  0 ERROR(S)
